<?xml version="1.0" encoding="UTF-8"?>
<testng-results ignored="0" total="1" passed="1" failed="0" skipped="0">
  <reporter-output>
    <line>
      <![CDATA[launching browser.....]]>
    </line>
    <line>
      <![CDATA[launching browser.....]]>
    </line>
    <line>
      <![CDATA[Closing browser....]]>
    </line>
  </reporter-output>
  <suite started-at="2022-12-23T03:16:59 IST" name="Suite" finished-at="2022-12-23T03:17:31 IST" duration-ms="32151">
    <groups>
    </groups>
    <test started-at="2022-12-23T03:16:59 IST" name="Test" finished-at="2022-12-23T03:17:31 IST" duration-ms="32151">
      <class name="TestClass.TestCase001">
        <test-method is-config="true" signature="LaunchTheBrowser()[pri:0, instance:TestClass.TestCase001@6574a52c]" started-at="2022-12-23T03:16:59 IST" name="LaunchTheBrowser" finished-at="2022-12-23T03:17:12 IST" duration-ms="12742" status="PASS">
          <reporter-output>
            <line>
              <![CDATA[launching browser.....]]>
            </line>
            <line>
              <![CDATA[launching browser.....]]>
            </line>
          </reporter-output>
        </test-method> <!-- LaunchTheBrowser -->
        <test-method is-config="true" signature="SignUpUpstox()[pri:0, instance:TestClass.TestCase001@6574a52c]" started-at="2022-12-23T03:17:12 IST" name="SignUpUpstox" finished-at="2022-12-23T03:17:29 IST" duration-ms="16675" status="PASS">
          <reporter-output>
          </reporter-output>
        </test-method> <!-- SignUpUpstox -->
        <test-method signature="ValidateUserProfileName()[pri:0, instance:TestClass.TestCase001@6574a52c]" started-at="2022-12-23T03:17:29 IST" name="ValidateUserProfileName" finished-at="2022-12-23T03:17:29 IST" duration-ms="36" status="PASS">
          <reporter-output>
          </reporter-output>
        </test-method> <!-- ValidateUserProfileName -->
        <test-method is-config="true" signature="LogOutNeostox()[pri:0, instance:TestClass.TestCase001@6574a52c]" started-at="2022-12-23T03:17:29 IST" name="LogOutNeostox" finished-at="2022-12-23T03:17:30 IST" duration-ms="1122" status="PASS">
          <reporter-output>
          </reporter-output>
        </test-method> <!-- LogOutNeostox -->
        <test-method is-config="true" signature="CloseTheBrowser()[pri:0, instance:TestClass.TestCase001@6574a52c]" started-at="2022-12-23T03:17:30 IST" name="CloseTheBrowser" finished-at="2022-12-23T03:17:31 IST" duration-ms="1433" status="PASS">
          <reporter-output>
            <line>
              <![CDATA[Closing browser....]]>
            </line>
          </reporter-output>
        </test-method> <!-- CloseTheBrowser -->
      </class> <!-- TestClass.TestCase001 -->
    </test> <!-- Test -->
  </suite> <!-- Suite -->
</testng-results>
