<?xml version="1.0" encoding="UTF-8"?>
<testng-results ignored="0" total="2" passed="2" failed="0" skipped="0">
  <reporter-output>
    <line>
      <![CDATA[launching browser.....]]>
    </line>
    <line>
      <![CDATA[launching browser.....]]>
    </line>
    <line>
      <![CDATA[TC ValidateUserProfileName is Completed Successfully...]]>
    </line>
    <line>
      <![CDATA[TC CheckAccBalance is Completed Successfully...]]>
    </line>
    <line>
      <![CDATA[Closing browser....]]>
    </line>
  </reporter-output>
  <suite started-at="2022-12-23T03:15:28 IST" name="Default suite" finished-at="2022-12-23T03:16:18 IST" duration-ms="49364">
    <groups>
    </groups>
    <test started-at="2022-12-23T03:15:28 IST" name="Default test" finished-at="2022-12-23T03:16:18 IST" duration-ms="49364">
      <class name="TestClass.TC_001">
        <test-method is-config="true" signature="LaunchTheBrowser()[pri:0, instance:TestClass.TC_001@3bcd05cb]" started-at="2022-12-23T03:15:28 IST" name="LaunchTheBrowser" finished-at="2022-12-23T03:15:38 IST" duration-ms="9420" status="PASS">
          <reporter-output>
            <line>
              <![CDATA[launching browser.....]]>
            </line>
            <line>
              <![CDATA[launching browser.....]]>
            </line>
          </reporter-output>
        </test-method> <!-- LaunchTheBrowser -->
        <test-method is-config="true" signature="SignUpUpstox()[pri:0, instance:TestClass.TC_001@3bcd05cb]" started-at="2022-12-23T03:15:38 IST" name="SignUpUpstox" finished-at="2022-12-23T03:15:56 IST" duration-ms="18615" status="PASS">
          <reporter-output>
          </reporter-output>
        </test-method> <!-- SignUpUpstox -->
        <test-method signature="ValidateUserProfileName()[pri:-1, instance:TestClass.TC_001@3bcd05cb]" started-at="2022-12-23T03:15:56 IST" name="ValidateUserProfileName" finished-at="2022-12-23T03:15:56 IST" duration-ms="32" status="PASS">
          <reporter-output>
            <line>
              <![CDATA[TC ValidateUserProfileName is Completed Successfully...]]>
            </line>
          </reporter-output>
        </test-method> <!-- ValidateUserProfileName -->
        <test-method is-config="true" signature="LogOutNeostox()[pri:0, instance:TestClass.TC_001@3bcd05cb]" started-at="2022-12-23T03:15:57 IST" name="LogOutNeostox" finished-at="2022-12-23T03:15:59 IST" duration-ms="2116" status="PASS">
          <reporter-output>
          </reporter-output>
        </test-method> <!-- LogOutNeostox -->
        <test-method is-config="true" signature="SignUpUpstox()[pri:0, instance:TestClass.TC_001@3bcd05cb]" started-at="2022-12-23T03:15:59 IST" name="SignUpUpstox" finished-at="2022-12-23T03:16:14 IST" duration-ms="15071" status="PASS">
          <reporter-output>
          </reporter-output>
        </test-method> <!-- SignUpUpstox -->
        <test-method signature="CheckAccBalance()[pri:0, instance:TestClass.TC_001@3bcd05cb]" started-at="2022-12-23T03:16:14 IST" name="CheckAccBalance" finished-at="2022-12-23T03:16:14 IST" duration-ms="28" status="PASS">
          <reporter-output>
            <line>
              <![CDATA[TC CheckAccBalance is Completed Successfully...]]>
            </line>
          </reporter-output>
        </test-method> <!-- CheckAccBalance -->
        <test-method is-config="true" signature="LogOutNeostox()[pri:0, instance:TestClass.TC_001@3bcd05cb]" started-at="2022-12-23T03:16:14 IST" name="LogOutNeostox" finished-at="2022-12-23T03:16:16 IST" duration-ms="2139" status="PASS">
          <reporter-output>
          </reporter-output>
        </test-method> <!-- LogOutNeostox -->
        <test-method is-config="true" signature="CloseTheBrowser()[pri:0, instance:TestClass.TC_001@3bcd05cb]" started-at="2022-12-23T03:16:16 IST" name="CloseTheBrowser" finished-at="2022-12-23T03:16:18 IST" duration-ms="1543" status="PASS">
          <reporter-output>
            <line>
              <![CDATA[Closing browser....]]>
            </line>
          </reporter-output>
        </test-method> <!-- CloseTheBrowser -->
      </class> <!-- TestClass.TC_001 -->
    </test> <!-- Default test -->
  </suite> <!-- Default suite -->
</testng-results>
